<?xml version="1.0" encoding="UTF-8"?>
<robot generator="Robot 7.2.2 (Python 3.13.3 on win32)" generated="2025-05-22T15:01:24.500541" rpa="false" schemaversion="5">
<suite id="s1" name="LoginTest" source="C:\Users\Abhilsh\Downloads\updatedseleniumproject\selenium_robot_login_project\tests\LoginTest.robot">
<test id="s1-t1" name="Successful Login With Valid Credentials" line="9">
<kw name="Open Browser" owner="SeleniumLibrary">
<msg time="2025-05-22T15:01:25.071235" level="INFO">Opening browser 'chrome' to base url 'https://www.saucedemo.com/'.</msg>
<arg>${URL}</arg>
<arg>${BROWSER}</arg>
<doc>Opens a new browser instance to the optional ``url``.</doc>
<status status="PASS" start="2025-05-22T15:01:25.070497" elapsed="2.446880"/>
</kw>
<kw name="Input Text" owner="SeleniumLibrary">
<msg time="2025-05-22T15:01:27.520231" level="INFO">Typing text 'standard_user' into text field 'id:user-name'.</msg>
<arg>id:user-name</arg>
<arg>standard_user</arg>
<doc>Types the given ``text`` into the text field identified by ``locator``.</doc>
<status status="PASS" start="2025-05-22T15:01:27.518635" elapsed="0.316427"/>
</kw>
<kw name="Input Text" owner="SeleniumLibrary">
<msg time="2025-05-22T15:01:27.836273" level="INFO">Typing text 'secret_sauce' into text field 'id:password'.</msg>
<arg>id:password</arg>
<arg>secret_sauce</arg>
<doc>Types the given ``text`` into the text field identified by ``locator``.</doc>
<status status="PASS" start="2025-05-22T15:01:27.835783" elapsed="0.271867"/>
</kw>
<kw name="Click Button" owner="SeleniumLibrary">
<msg time="2025-05-22T15:01:28.108692" level="INFO">Clicking button 'id:login-button'.</msg>
<arg>id:login-button</arg>
<doc>Clicks the button identified by ``locator``.</doc>
<status status="PASS" start="2025-05-22T15:01:28.108329" elapsed="0.286492"/>
</kw>
<kw name="Page Should Contain Element" owner="SeleniumLibrary">
<msg time="2025-05-22T15:01:28.435279" level="INFO">Current page contains element 'class:inventory_list'.</msg>
<arg>class:inventory_list</arg>
<doc>Verifies that element ``locator`` is found on the current page.</doc>
<status status="PASS" start="2025-05-22T15:01:28.399409" elapsed="0.036068"/>
</kw>
<kw name="Close Browser" owner="SeleniumLibrary">
<doc>Closes the current browser.</doc>
<status status="PASS" start="2025-05-22T15:01:28.436033" elapsed="2.331424"/>
</kw>
<status status="PASS" start="2025-05-22T15:01:25.067761" elapsed="5.701280"/>
</test>
<status status="PASS" start="2025-05-22T15:01:24.503512" elapsed="6.268500"/>
</suite>
<statistics>
<total>
<stat pass="1" fail="0" skip="0">All Tests</stat>
</total>
<tag>
</tag>
<suite>
<stat name="LoginTest" id="s1" pass="1" fail="0" skip="0">LoginTest</stat>
</suite>
</statistics>
<errors>
</errors>
</robot>
